<?xml version="1.0" encoding="UTF-8"?>
<testng-results ignored="0" total="3" passed="3" failed="0" skipped="0">
  <reporter-output>
  </reporter-output>
  <suite started-at="2023-08-07T15:44:02 IST" name="Default suite" finished-at="2023-08-07T15:44:13 IST" duration-ms="10826">
    <groups>
    </groups>
    <test started-at="2023-08-07T15:44:02 IST" name="Default test" finished-at="2023-08-07T15:44:13 IST" duration-ms="10826">
      <class name="test.LoginTest">
        <test-method is-config="true" signature="configureReports()[pri:0, instance:test.LoginTest@8458f04]" started-at="2023-08-07T15:44:02 IST" name="configureReports" finished-at="2023-08-07T15:44:03 IST" duration-ms="399" status="PASS">
          <reporter-output>
          </reporter-output>
        </test-method> <!-- configureReports -->
        <test-method is-config="true" signature="beforeMethod()[pri:0, instance:test.LoginTest@8458f04]" started-at="2023-08-07T15:44:03 IST" name="beforeMethod" finished-at="2023-08-07T15:44:07 IST" duration-ms="4139" status="PASS">
          <reporter-output>
          </reporter-output>
        </test-method> <!-- beforeMethod -->
        <test-method signature="InvalidData()[pri:0, instance:test.LoginTest@8458f04]" started-at="2023-08-07T15:44:07 IST" name="InvalidData" finished-at="2023-08-07T15:44:07 IST" duration-ms="341" status="PASS">
          <reporter-output>
          </reporter-output>
        </test-method> <!-- InvalidData -->
        <test-method is-config="true" signature="aftermethod(org.testng.ITestResult)[pri:0, instance:test.LoginTest@8458f04]" started-at="2023-08-07T15:44:07 IST" name="aftermethod" finished-at="2023-08-07T15:44:08 IST" duration-ms="358" status="PASS">
          <params>
            <param index="0">
              <value>
                <![CDATA[[TestResult name=InvalidData status=SUCCESS method=LoginTest.InvalidData()[pri:0, instance:test.LoginTest@8458f04] output={null}]]]>
              </value>
            </param>
          </params>
          <reporter-output>
          </reporter-output>
        </test-method> <!-- aftermethod -->
        <test-method is-config="true" signature="beforeMethod()[pri:0, instance:test.LoginTest@8458f04]" started-at="2023-08-07T15:44:08 IST" name="beforeMethod" finished-at="2023-08-07T15:44:10 IST" duration-ms="2168" status="PASS">
          <reporter-output>
          </reporter-output>
        </test-method> <!-- beforeMethod -->
        <test-method signature="InvalidPass()[pri:0, instance:test.LoginTest@8458f04]" started-at="2023-08-07T15:44:10 IST" name="InvalidPass" finished-at="2023-08-07T15:44:10 IST" duration-ms="225" status="PASS">
          <reporter-output>
          </reporter-output>
        </test-method> <!-- InvalidPass -->
        <test-method is-config="true" signature="aftermethod(org.testng.ITestResult)[pri:0, instance:test.LoginTest@8458f04]" started-at="2023-08-07T15:44:10 IST" name="aftermethod" finished-at="2023-08-07T15:44:10 IST" duration-ms="148" status="PASS">
          <params>
            <param index="0">
              <value>
                <![CDATA[[TestResult name=InvalidPass status=SUCCESS method=LoginTest.InvalidPass()[pri:0, instance:test.LoginTest@8458f04] output={null}]]]>
              </value>
            </param>
          </params>
          <reporter-output>
          </reporter-output>
        </test-method> <!-- aftermethod -->
        <test-method is-config="true" signature="beforeMethod()[pri:0, instance:test.LoginTest@8458f04]" started-at="2023-08-07T15:44:10 IST" name="beforeMethod" finished-at="2023-08-07T15:44:12 IST" duration-ms="2079" status="PASS">
          <reporter-output>
          </reporter-output>
        </test-method> <!-- beforeMethod -->
        <test-method signature="validData()[pri:0, instance:test.LoginTest@8458f04]" started-at="2023-08-07T15:44:12 IST" name="validData" finished-at="2023-08-07T15:44:13 IST" duration-ms="257" status="PASS">
          <reporter-output>
          </reporter-output>
        </test-method> <!-- validData -->
        <test-method is-config="true" signature="aftermethod(org.testng.ITestResult)[pri:0, instance:test.LoginTest@8458f04]" started-at="2023-08-07T15:44:13 IST" name="aftermethod" finished-at="2023-08-07T15:44:13 IST" duration-ms="151" status="PASS">
          <params>
            <param index="0">
              <value>
                <![CDATA[[TestResult name=validData status=SUCCESS method=LoginTest.validData()[pri:0, instance:test.LoginTest@8458f04] output={null}]]]>
              </value>
            </param>
          </params>
          <reporter-output>
          </reporter-output>
        </test-method> <!-- aftermethod -->
        <test-method is-config="true" signature="publish()[pri:0, instance:test.LoginTest@8458f04]" started-at="2023-08-07T15:44:13 IST" name="publish" finished-at="2023-08-07T15:44:13 IST" duration-ms="505" status="PASS">
          <reporter-output>
          </reporter-output>
        </test-method> <!-- publish -->
      </class> <!-- test.LoginTest -->
    </test> <!-- Default test -->
  </suite> <!-- Default suite -->
</testng-results>
