<?xml version="1.0" encoding="UTF-8"?>
<!-- Generated by org.testng.reporters.JUnitXMLReporter -->
<testsuite ignored="1" hostname="Saurabh" failures="1" tests="9" name="Test" time="21.199" errors="0" timestamp="2023-07-19T20:46:52 IST">
  <testcase classname="basic.sample" name="test1" time="0.021"/>
  <testcase classname="basic.sample" name="test1" time="0.003"/>
  <testcase classname="basic.sample" name="test1" time="0.003"/>
  <testcase classname="basic.sample" name="test3" time="2.024">
    <failure type="org.testng.internal.thread.ThreadTimeoutException" message="Method basic.sample.test3() didn&amp;apos;t finish within the time-out 2000">
      <![CDATA[org.testng.internal.thread.ThreadTimeoutException: Method basic.sample.test3() didn't finish within the time-out 2000
at java.base@17.0.4.1/java.lang.Thread.sleep(Native Method)
at app//basic.sample.test3(sample.java:24)
at java.base@17.0.4.1/java.util.concurrent.FutureTask.run(FutureTask.java:264)
at java.base@17.0.4.1/java.util.concurrent.ThreadPoolExecutor.runWorker(ThreadPoolExecutor.java:1136)
at java.base@17.0.4.1/java.util.concurrent.ThreadPoolExecutor$Worker.run(ThreadPoolExecutor.java:635)
at java.base@17.0.4.1/java.lang.Thread.run(Thread.java:833)
... Removed 8 stack frames]]>
    </failure>
  </testcase> <!-- test3 -->
  <testcase classname="basic.sample" name="test4" time="0.001">
    <skipped/>
  </testcase> <!-- test4 -->
  <testcase classname="basic.FacebbookPage" name="InvalidData" time="0.453"/>
  <testcase classname="basic.FacebbookPage" name="InvalidPass" time="0.402"/>
  <testcase classname="basic.FacebbookPage" name="validData" time="0.338"/>
  <testcase classname="practice.testing" name="classA" time="0.006"/>
  <testcase classname="basic.sample" name="test2" time="0.0">
    <ignored/>
  </testcase> <!-- test2 -->
</testsuite> <!-- Test -->
